2025-10-17 00:00:00.002 [scheduling-1] DEBUG com.cpa.service.TaskSchedulerService - 执行每小时任务检查，时间: 2025-10-17T00:00:00.002898100
2025-10-17 01:00:00.003 [scheduling-1] DEBUG com.cpa.service.TaskSchedulerService - 执行每小时任务检查，时间: 2025-10-17T01:00:00.003454300
2025-10-17 02:00:00.001 [scheduling-1] DEBUG com.cpa.service.TaskSchedulerService - 执行每小时任务检查，时间: 2025-10-17T02:00:00.001550800
2025-10-17 03:00:00.005 [scheduling-1] DEBUG com.cpa.service.TaskSchedulerService - 执行每小时任务检查，时间: 2025-10-17T03:00:00.005378500
2025-10-17 04:00:00.010 [scheduling-1] DEBUG com.cpa.service.TaskSchedulerService - 执行每小时任务检查，时间: 2025-10-17T04:00:00.010738500
2025-10-17 05:00:00.017 [scheduling-1] DEBUG com.cpa.service.TaskSchedulerService - 执行每小时任务检查，时间: 2025-10-17T05:00:00.017261
2025-10-17 06:00:00.487 [scheduling-1] DEBUG com.cpa.service.TaskSchedulerService - 执行每小时任务检查，时间: 2025-10-17T06:00:00.487695700
2025-10-17 07:00:00.298 [scheduling-1] DEBUG com.cpa.service.TaskSchedulerService - 执行每小时任务检查，时间: 2025-10-17T07:00:00.298367800
2025-10-17 08:00:00.160 [scheduling-1] DEBUG com.cpa.service.TaskSchedulerService - 执行每小时任务检查，时间: 2025-10-17T08:00:00.160882300
2025-10-17 09:00:00.124 [scheduling-1] DEBUG com.cpa.service.TaskSchedulerService - 执行每小时任务检查，时间: 2025-10-17T09:00:00.124047800
2025-10-17 10:00:00.048 [scheduling-1] DEBUG com.cpa.service.TaskSchedulerService - 执行每小时任务检查，时间: 2025-10-17T10:00:00.048561900
2025-10-17 10:38:17.720 [http-nio-8081-exec-1] DEBUG org.springframework.web.servlet.DispatcherServlet - GET "/api/tasks/schedule", parameters={}
2025-10-17 10:38:17.730 [http-nio-8081-exec-1] DEBUG o.s.w.s.m.m.a.RequestMappingHandlerMapping - Mapped to com.cpa.controller.TaskController#getTaskScheduleStatus()
2025-10-17 10:38:17.758 [http-nio-8081-exec-1] INFO  com.cpa.controller.TaskController - 获取任务调度状态
2025-10-17 10:38:18.248 [http-nio-8081-exec-1] DEBUG o.s.w.s.m.m.a.RequestResponseBodyMethodProcessor - Using 'application/json', given [*/*] and supported [application/json, application/*+json]
2025-10-17 10:38:18.249 [http-nio-8081-exec-1] DEBUG o.s.w.s.m.m.a.RequestResponseBodyMethodProcessor - Writing [{data={accountsNeedNurture=35, nurturedAccounts=0, devicesNeedRegister=111, lastUpdateTime=2025-10-1 (truncated)...]
2025-10-17 10:38:18.255 [http-nio-8081-exec-1] DEBUG org.springframework.web.servlet.DispatcherServlet - Completed 200 OK
2025-10-17 10:38:19.957 [http-nio-8081-exec-2] DEBUG org.springframework.web.servlet.DispatcherServlet - GET "/api/statistics/device-pool", parameters={}
2025-10-17 10:38:19.957 [http-nio-8081-exec-2] DEBUG o.s.w.s.m.m.a.RequestMappingHandlerMapping - Mapped to com.cpa.controller.StatisticsController#getDevicePoolStatistics()
2025-10-17 10:38:19.958 [http-nio-8081-exec-2] INFO  com.cpa.controller.StatisticsController - 获取设备池统计信息
2025-10-17 10:38:20.303 [http-nio-8081-exec-2] DEBUG o.s.w.s.m.m.a.RequestResponseBodyMethodProcessor - Using 'application/json', given [*/*] and supported [application/json, application/*+json]
2025-10-17 10:38:20.304 [http-nio-8081-exec-2] DEBUG o.s.w.s.m.m.a.RequestResponseBodyMethodProcessor - Writing [{data={needRegisterCount=111, totalDevices=444, statusCounts=[{count=333, status=3}, {count=111, sta (truncated)...]
2025-10-17 10:38:20.306 [http-nio-8081-exec-2] DEBUG org.springframework.web.servlet.DispatcherServlet - Completed 200 OK
2025-10-17 10:38:20.314 [http-nio-8081-exec-4] DEBUG org.springframework.web.servlet.DispatcherServlet - GET "/api/statistics/account-library", parameters={}
2025-10-17 10:38:20.315 [http-nio-8081-exec-4] DEBUG o.s.w.s.m.m.a.RequestMappingHandlerMapping - Mapped to com.cpa.controller.StatisticsController#getAccountLibraryStatistics()
2025-10-17 10:38:20.315 [http-nio-8081-exec-4] INFO  com.cpa.controller.StatisticsController - 获取账号库统计信息
2025-10-17 10:38:20.542 [http-nio-8081-exec-4] DEBUG o.s.w.s.m.m.a.RequestResponseBodyMethodProcessor - Using 'application/json', given [*/*] and supported [application/json, application/*+json]
2025-10-17 10:38:20.542 [http-nio-8081-exec-4] DEBUG o.s.w.s.m.m.a.RequestResponseBodyMethodProcessor - Writing [{data={nurtureStats=[{count=634}, {count=38, nurture_status=0}], statusCounts=[{count=76, status=2}, (truncated)...]
2025-10-17 10:38:20.543 [http-nio-8081-exec-4] DEBUG org.springframework.web.servlet.DispatcherServlet - Completed 200 OK
2025-10-17 10:38:20.559 [http-nio-8081-exec-7] DEBUG org.springframework.web.servlet.DispatcherServlet - GET "/api/statistics/overview", parameters={}
2025-10-17 10:38:20.559 [http-nio-8081-exec-7] DEBUG o.s.w.s.m.m.a.RequestMappingHandlerMapping - Mapped to com.cpa.controller.StatisticsController#getOverallStatistics()
2025-10-17 10:38:20.560 [http-nio-8081-exec-7] INFO  com.cpa.controller.StatisticsController - 获取整体统计概览
2025-10-17 10:38:21.170 [http-nio-8081-exec-7] DEBUG o.s.w.s.m.m.a.RequestResponseBodyMethodProcessor - Using 'application/json', given [*/*] and supported [application/json, application/*+json]
2025-10-17 10:38:21.170 [http-nio-8081-exec-7] DEBUG o.s.w.s.m.m.a.RequestResponseBodyMethodProcessor - Writing [{data={needRegisterCount=111, needNurtureCount=35, nurtureRate=0.0, devicePoolStats={needRegisterCou (truncated)...]
2025-10-17 10:38:21.172 [http-nio-8081-exec-7] DEBUG org.springframework.web.servlet.DispatcherServlet - Completed 200 OK
2025-10-17 10:38:23.232 [http-nio-8081-exec-5] DEBUG org.springframework.web.servlet.DispatcherServlet - GET "/api/scripts/register/status", parameters={}
2025-10-17 10:38:23.232 [http-nio-8081-exec-5] DEBUG o.s.w.s.m.m.a.RequestMappingHandlerMapping - Mapped to com.cpa.controller.ScriptController#getRegisterScriptStatus()
2025-10-17 10:38:23.233 [http-nio-8081-exec-5] INFO  com.cpa.controller.ScriptController - 查询注册脚本执行状态
2025-10-17 10:38:23.276 [http-nio-8081-exec-5] DEBUG o.s.w.s.m.m.a.RequestResponseBodyMethodProcessor - Using 'application/json', given [*/*] and supported [application/json, application/*+json]
2025-10-17 10:38:23.276 [http-nio-8081-exec-5] DEBUG o.s.w.s.m.m.a.RequestResponseBodyMethodProcessor - Writing [{logContent=, success=true, logFile=, pid=, startTime=null, message=注册脚本未在运行, status=not_running}]
2025-10-17 10:38:23.278 [http-nio-8081-exec-5] DEBUG org.springframework.web.servlet.DispatcherServlet - Completed 200 OK
2025-10-17 10:38:24.186 [http-nio-8081-exec-9] DEBUG org.springframework.web.servlet.DispatcherServlet - GET "/api/scripts/edit-bio/status", parameters={}
2025-10-17 10:38:24.187 [http-nio-8081-exec-9] DEBUG o.s.w.s.m.m.a.RequestMappingHandlerMapping - Mapped to com.cpa.controller.ScriptController#getEditBioScriptStatus()
2025-10-17 10:38:24.187 [http-nio-8081-exec-9] INFO  com.cpa.controller.ScriptController - 查询编辑Bio脚本执行状态
2025-10-17 10:38:24.189 [http-nio-8081-exec-9] DEBUG o.s.w.s.m.m.a.RequestResponseBodyMethodProcessor - Using 'application/json', given [*/*] and supported [application/json, application/*+json]
2025-10-17 10:38:24.189 [http-nio-8081-exec-9] DEBUG o.s.w.s.m.m.a.RequestResponseBodyMethodProcessor - Writing [{logContent=, success=true, logFile=, pid=, startTime=null, message=编辑Bio脚本未在运行, status=not_running}]
2025-10-17 10:38:24.190 [http-nio-8081-exec-9] DEBUG org.springframework.web.servlet.DispatcherServlet - Completed 200 OK
2025-10-17 10:38:25.008 [http-nio-8081-exec-6] DEBUG org.springframework.web.servlet.DispatcherServlet - GET "/api/auto-nurture/tasks", parameters={}
2025-10-17 10:38:25.009 [http-nio-8081-exec-6] DEBUG o.s.w.s.m.m.a.RequestMappingHandlerMapping - Mapped to com.cpa.controller.AutoNurtureController#getTaskList()
2025-10-17 10:38:25.114 [http-nio-8081-exec-6] DEBUG o.s.w.s.m.m.a.RequestResponseBodyMethodProcessor - Using 'application/json', given [*/*] and supported [application/json, application/*+json]
2025-10-17 10:38:25.114 [http-nio-8081-exec-6] DEBUG o.s.w.s.m.m.a.RequestResponseBodyMethodProcessor - Writing [{data=[], success=true}]
2025-10-17 10:38:25.115 [http-nio-8081-exec-6] DEBUG org.springframework.web.servlet.DispatcherServlet - Completed 200 OK
2025-10-17 11:00:00.044 [scheduling-1] DEBUG com.cpa.service.TaskSchedulerService - 执行每小时任务检查，时间: 2025-10-17T11:00:00.044072700
2025-10-17 12:00:00.085 [scheduling-1] DEBUG com.cpa.service.TaskSchedulerService - 执行每小时任务检查，时间: 2025-10-17T12:00:00.085316800
2025-10-17 13:00:00.097 [scheduling-1] DEBUG com.cpa.service.TaskSchedulerService - 执行每小时任务检查，时间: 2025-10-17T13:00:00.097242800
2025-10-17 14:00:00.106 [scheduling-1] DEBUG com.cpa.service.TaskSchedulerService - 执行每小时任务检查，时间: 2025-10-17T14:00:00.106253700
2025-10-17 15:00:00.106 [scheduling-1] DEBUG com.cpa.service.TaskSchedulerService - 执行每小时任务检查，时间: 2025-10-17T15:00:00.106272600
2025-10-17 16:00:00.100 [scheduling-1] DEBUG com.cpa.service.TaskSchedulerService - 执行每小时任务检查，时间: 2025-10-17T16:00:00.100938800
